C51 COMPILER V9.60.0.0   DRIVER                                                            08/27/2023 19:03:18 PAGE 1   


C51 COMPILER V9.60.0.0, COMPILATION OF MODULE DRIVER
OBJECT MODULE PLACED IN .\Objects\driver.obj
COMPILER INVOKED BY: C:\Keil_v5\C51\BIN\C51.EXE driver.c OPTIMIZE(8,SPEED) BROWSE DEBUG OBJECTEXTEND PRINT(.\Listings\dr
                    -iver.lst) TABS(2) OBJECT(.\Objects\driver.obj)

line level    source

   1          #include "driver.h"
   2          
   3          unsigned char pwm_val_left  =0;     //PWM变量定义
   4          unsigned char pwm_val_right =0;
   5          
   6          void Driver_Timer0Init(void)    //10微秒@12.000MHz
   7          {
   8   1        TMOD &= 0xF0;   //设置定时器模式
   9   1        TMOD |= 0x01;   //设置定时器模式
  10   1        
  11   1        TL0 = 0xF6;   //设置定时初值 0.01ms定时，1khz
  12   1        TH0 = 0xFF;   //设置定时初值
  13   1        
  14   1        
  15   1        ET0 = 1;    //定时器0中断允许开关
  16   1        EA = 1;     //定时器中断总开关
  17   1        
  18   1        PT0 = 0;    //设置定时器0的优先级
  19   1        
  20   1        TF0 = 0;    //清除TF0标志
  21   1        
  22   1        TR0 = 1;    //定时器0开始计时
  23   1        
  24   1          
  25   1        //TH0 = (65536 - )/256;
  26   1        //TL0 = (65536 - )%256;
  27   1      }
  28          
  29          void Motor_Left(bit Dir, unsigned char DutyCycle) //传递正反转(1为正转，0为反转)、占空比参数
  30          {
  31   1        if(Dir == 1)
  32   1        {
  33   2          PWMA=1;
  34   2          AIN1 = 0;
  35   2          AIN2 = 1;
  36   2          if(pwm_val_left <= DutyCycle)
  37   2          {
  38   3            PWMA = 1;
  39   3          }
  40   2          else
  41   2          {
  42   3            PWMA = 0;
  43   3          }
  44   2        }
  45   1        else
  46   1        {
  47   2          PWMA=1;
  48   2          AIN1 = 1;
  49   2          AIN2 = 0;
  50   2          if(pwm_val_left <= DutyCycle)
  51   2          {
  52   3            PWMA = 1;
  53   3          }
  54   2          else
C51 COMPILER V9.60.0.0   DRIVER                                                            08/27/2023 19:03:18 PAGE 2   

  55   2          {
  56   3            PWMA = 0;
  57   3          }
  58   2        }
  59   1      }
  60          
  61          void Motor_Right(bit Dir, unsigned char DutyCycle) //传递正反转(1为正转，0为反转)、占空比参数
  62          {
  63   1        if(Dir == 1)
  64   1        {
  65   2          PWMB=1;
  66   2          BIN1 = 1;
  67   2          BIN2 = 0;
  68   2          if(pwm_val_right <= DutyCycle)
  69   2          {
  70   3            PWMB = 1;
  71   3          }
  72   2          else
  73   2          {
  74   3            PWMB = 0;
  75   3          }
  76   2        }
  77   1        else
  78   1        {
  79   2          PWMB=1;
  80   2          BIN1 = 0;
  81   2          BIN2 = 1;
  82   2          if(pwm_val_right <= DutyCycle)
  83   2          {
  84   3            PWMB = 1;
  85   3          }
  86   2          else
  87   2          {
  88   3            PWMB = 0;
  89   3          }
  90   2        }
  91   1      }
  92          
  93          void Motor_Stop(void)
  94          {
  95   1        PWMA = 0;
  96   1        PWMB = 0;
  97   1      }
  98          
  99          void InterruptTimer0() interrupt 1
 100          {
 101   1        TR0 = 0;
 102   1        TL0 = 0xF6;   //重载定时初值
 103   1        TH0 = 0xFF;   //重载定时初值
 104   1        pwm_val_left++;
 105   1        pwm_val_right++;
 106   1        if(pwm_val_left >= 100)
 107   1        {
 108   2          pwm_val_left = 0;
 109   2        }
 110   1        if(pwm_val_right >= 100)
 111   1        {
 112   2          pwm_val_right = 0;
 113   2        }
 114   1        TR0 = 1;
 115   1      }

C51 COMPILER V9.60.0.0   DRIVER                                                            08/27/2023 19:03:18 PAGE 3   


MODULE INFORMATION:   STATIC OVERLAYABLE
   CODE SIZE        =    161    ----
   CONSTANT SIZE    =   ----    ----
   XDATA SIZE       =   ----    ----
   PDATA SIZE       =   ----    ----
   DATA SIZE        =      2       2
   IDATA SIZE       =   ----    ----
   BIT SIZE         =   ----       2
END OF MODULE INFORMATION.


C51 COMPILATION COMPLETE.  0 WARNING(S),  0 ERROR(S)
