C51 COMPILER V9.60.0.0   MAIN                                                              08/27/2023 19:03:18 PAGE 1   


C51 COMPILER V9.60.0.0, COMPILATION OF MODULE MAIN
OBJECT MODULE PLACED IN .\Objects\main.obj
COMPILER INVOKED BY: C:\Keil_v5\C51\BIN\C51.EXE main.c OPTIMIZE(8,SPEED) BROWSE DEBUG OBJECTEXTEND PRINT(.\Listings\main
                    -.lst) TABS(2) OBJECT(.\Objects\main.obj)

line level    source

   1          #include <reg52.h>
   2          #include "driver.h"
   3          #include "tracking.h"
   4          
   5          
   6          sbit button1 = P3^3;  //P3^2 is S4
   7          
   8          
   9          void START(void)
  10          {
  11   1        while(1){
  12   2          Motor_Stop();
  13   2          if(!button1)
  14   2          {
  15   3            return;
  16   3          }
  17   2        }
  18   1      }
  19          
  20          //Ö÷º¯Êý
  21          void main()
  22          {
  23   1        Driver_Timer0Init();
  24   1        START();
  25   1        while(1)
  26   1        {
  27   2        TRACK();
  28   2        }
  29   1      }
  30          


MODULE INFORMATION:   STATIC OVERLAYABLE
   CODE SIZE        =     18    ----
   CONSTANT SIZE    =   ----    ----
   XDATA SIZE       =   ----    ----
   PDATA SIZE       =   ----    ----
   DATA SIZE        =   ----    ----
   IDATA SIZE       =   ----    ----
   BIT SIZE         =   ----    ----
END OF MODULE INFORMATION.


C51 COMPILATION COMPLETE.  0 WARNING(S),  0 ERROR(S)
