C51 COMPILER V9.60.7.0   OBSTACLE_AVOIDANCE                                                08/21/2023 16:40:30 PAGE 1   


C51 COMPILER V9.60.7.0, COMPILATION OF MODULE OBSTACLE_AVOIDANCE
OBJECT MODULE PLACED IN .\Objects\obstacle_avoidance.obj
COMPILER INVOKED BY: D:\科创\C51\BIN\C51.EXE obstacle_avoidance.c OPTIMIZE(8,SPEED) BROWSE DEBUG OBJECTEXTEND PRINT(.\Li
                    -stings\obstacle_avoidance.lst) TABS(2) OBJECT(.\Objects\obstacle_avoidance.obj)

line level    source

   1          #include <obstacle_avoidance.h>
   2          
   3          int counter = 0;        //需要在外部置零
   4          unsigned int k;
   5          
   6          
   7          void tiaojian(void){
   8   1          Distance = Measure_Distance();  
   9   1        if(Distance <= 20){   //开始避障的距离，跟车速相关
  10   2          counter = 1000;
  11   2        }
  12   1          
  13   1      }
  14          /*
  15          void ObstacleAvoidance(void)
  16          {
  17            tiaojian();
  18            if(counter == 0)
  19            {
  20              TRACK();        //正常循迹
  21              tiaojian();
  22              
  23            }
  24            else if(counter > 0)    //顺时针原地调头
  25            {
  26              //Motor_Stop();
  27              while(counter){   
  28                    for(m=100;m>=2;m--){
  29                    dazhuan1();
  30                    }
  31              for(m=500;m>=2;m--){
  32                    zhizou();
  33                    }
  34              for(m=100;m>=2;m--){
  35                    dazhuan2();
  36                    }
  37              for(m=500;m>=2;m--){
  38                    zhizou();
  39                    }
  40              for(m=100;m>=2;m--){
  41                    dazhuan2();
  42                    }
  43              for(m=500;m>=2;m--){
  44                    zhizou();
  45                    }
  46              for(m=100;m>=2;m--){
  47                    dazhuan2();
  48                    }
  49              }
  50            }*/
  51          //  else if(counter >= 100)   //1000~500左转
  52          //  {
  53          //    //Motor_Stop();
  54          //    Motor_Left(1, 30); 
C51 COMPILER V9.60.7.0   OBSTACLE_AVOIDANCE                                                08/21/2023 16:40:30 PAGE 2   

  55          //    Motor_Right(1, 50);
  56          //    counter--;
  57          //    
  58          //  }
  59          //  else if(counter >= 50&& counter < 100)    //500~0右转
  60          //  {
  61          //    //Motor_Stop();
  62          //    Motor_Left(1, 40); 
  63          //    Motor_Right(1, 40);
  64          //    counter--;
  65          //  }
  66          //  else if(counter > 0&& counter < 50)   //500~0右转
  67          //  {
  68          //    //Motor_Stop();
  69          //    Motor_Left(1, 50); 
  70          //    Motor_Right(1, 30);
  71          //    counter--;
  72          //  }
  73            //else
  74              //counter = 0;
  75          
  76          
  77          
  78          //        Distance = Measure_Distance();
  79          //         if(Distance <= 20){
  80          //     Motor_Stop();
  81          //     }     
  82          //         else if(Distance > 20){
  83          //     TRACK();
  84          //       Distance = Measure_Distance();
  85          //     }
  86                 
  87          //}
  88          
  89          //counter循环：0检测状态，触发循迹置600，减小到300转身返回。


MODULE INFORMATION:   STATIC OVERLAYABLE
   CODE SIZE        =     44    ----
   CONSTANT SIZE    =   ----    ----
   XDATA SIZE       =   ----    ----
   PDATA SIZE       =   ----    ----
   DATA SIZE        =      4    ----
   IDATA SIZE       =   ----    ----
   BIT SIZE         =   ----    ----
END OF MODULE INFORMATION.


C51 COMPILATION COMPLETE.  0 WARNING(S),  0 ERROR(S)
